Task :app:processDebugMainManifest
package="com.yourcompany.yourapp5" found in source AndroidManifest.xml: /home/runner/work/RunCommandService/RunCommandService/app/src/main/AndroidManifest.xml.
Setting the namespace via the package attribute in the source AndroidManifest.xml is no longer supported, and the value is ignored.
Recommendation: remove package="com.yourcompany.yourapp5" from the source AndroidManifest.xml: /home/runner/work/RunCommandService/RunCommandService/app/src/main/AndroidManifest.xml.

Task :app:compileDebugKotlin
e: file:///home/runner/work/RunCommandService/RunCommandService/app/src/main/java/com/yourcompany/yourapp5/TermuxHelper.kt:53:9 Unresolved reference: Log
> Task :app:compileDebugKotlin FAILED
> Task :app:mergeExtDexDebug
FAILURE: Build failed with an exception.
[Incubating] Problems report is available at: file:///home/runner/work/RunCommandService/RunCommandService/build/reports/problems/problems-report.html
* What went wrong:
Execution failed for task ':app:compileDebugKotlin'.
> A failure occurred while executing org.jetbrains.kotlin.compilerRunner.GradleCompilerRunnerWithWorkers$GradleKotlinCompilerWorkAction
   > Compilation error. See log for more details
* Try:
> Run with --stacktrace option to get the stack trace.
> Run with --info or --debug option to get more log output.
> Run with --scan to generate a Build Scan (Powered by Develocity).
> Get more help at https://help.gradle.org.
Deprecated Gradle features were used in this build, making it incompatible with Gradle 10.
You can use '--warning-mode all' to show the individual deprecation warnings and determine if they come from your own scripts or plugins.
For more on this, please refer to https://docs.gradle.org/9.1.0-rc-4/userguide/command_line_interface.html#sec:command_line_warnings in the Gradle documentation.
BUILD FAILED in 1m 10s
23 actionable tasks: 23 executed
Error: Process completed with exit code 1.